[2014-11-02 00:14:04] [INFO ] Server.java, Server.startServer(Server.java:38)       - 클라이언트와 연결되었습니다. 
[2014-11-02 00:14:04] [INFO ] Server.java, Server.startServer(Server.java:45)       - 121.163.155.250 님이 접속하셧습니다. 
[2014-11-02 00:14:04] [INFO ] Server.java, Server.startServer(Server.java:46)       - 현재 접속자 수: 1 
[2014-11-02 00:14:04] [INFO ] Server.java, Server$UserThread.run(Server.java:86)    - 1	123 
[2014-11-02 00:14:04] [INFO ] Server.java, Server$UserThread.run(Server.java:86)    - quit 
[2014-11-02 00:14:04] [FATAL] Server.java, Server$UserThread.run(Server.java:173)   - 클라이언트 연결 실패 
[2014-11-02 00:14:04] [INFO ] Server.java, Server$UserThread.run(Server.java:194)   - 121.163.155.250종료하셧습니다. 
[2014-11-02 00:14:04] [INFO ] Server.java, Server$UserThread.run(Server.java:195)   - 현재 클라이언트 수: 0 
[2014-11-02 00:14:11] [INFO ] Server.java, Server.startServer(Server.java:38)       - 클라이언트와 연결되었습니다. 
[2014-11-02 00:14:11] [INFO ] Server.java, Server.startServer(Server.java:45)       - 121.163.155.250 님이 접속하셧습니다. 
[2014-11-02 00:14:11] [INFO ] Server.java, Server.startServer(Server.java:46)       - 현재 접속자 수: 1 
[2014-11-02 00:14:11] [INFO ] Server.java, Server$UserThread.run(Server.java:86)    - 2	123	123 
[2014-11-02 00:14:11] [FATAL] Server.java, Server$UserThread.run(Server.java:173)   - 클라이언트 연결 실패 
[2014-11-02 00:14:11] [INFO ] Server.java, Server$UserThread.run(Server.java:194)   - 121.163.155.250종료하셧습니다. 
[2014-11-02 00:14:11] [INFO ] Server.java, Server$UserThread.run(Server.java:195)   - 현재 클라이언트 수: 0 
[2014-11-02 00:14:15] [INFO ] Server.java, Server.startServer(Server.java:38)       - 클라이언트와 연결되었습니다. 
[2014-11-02 00:14:15] [INFO ] Server.java, Server.startServer(Server.java:45)       - 121.163.155.250 님이 접속하셧습니다. 
[2014-11-02 00:14:15] [INFO ] Server.java, Server.startServer(Server.java:46)       - 현재 접속자 수: 1 
[2014-11-02 00:14:15] [INFO ] Server.java, Server$UserThread.run(Server.java:86)    - 0	123	123 
[2014-11-02 00:14:55] [FATAL] Server.java, Server$UserThread.run(Server.java:173)   - 클라이언트 연결 실패 
[2014-11-02 00:14:55] [INFO ] Server.java, Server$UserThread.run(Server.java:194)   - 121.163.155.250종료하셧습니다. 
[2014-11-02 00:14:55] [INFO ] Server.java, Server$UserThread.run(Server.java:195)   - 현재 클라이언트 수: 0 
[2014-11-02 00:15:49] [INFO ] Server.java, Server.startServer(Server.java:38)       - 클라이언트와 연결되었습니다. 
[2014-11-02 00:15:49] [INFO ] Server.java, Server.startServer(Server.java:45)       - 121.163.155.250 님이 접속하셧습니다. 
[2014-11-02 00:15:49] [INFO ] Server.java, Server.startServer(Server.java:46)       - 현재 접속자 수: 1 
[2014-11-02 00:15:49] [INFO ] Server.java, Server$UserThread.run(Server.java:86)    - 0	123	123 
[2014-11-02 00:15:51] [INFO ] Server.java, Server$UserThread.run(Server.java:86)    - 4 
[2014-11-02 00:15:52] [INFO ] Server.java, Server$UserThread.run(Server.java:86)    - 4 
[2014-11-02 00:15:53] [INFO ] Server.java, Server$UserThread.run(Server.java:86)    - 4 
[2014-11-02 00:15:53] [INFO ] Server.java, Server$UserThread.run(Server.java:86)    - 4 
[2014-11-02 00:16:01] [INFO ] Server.java, Server$UserThread.run(Server.java:86)    - 9 
[2014-11-02 00:16:01] [FATAL] Server.java, Server$UserThread.run(Server.java:173)   - 클라이언트 연결 실패 
[2014-11-02 00:16:01] [INFO ] Server.java, Server$UserThread.run(Server.java:194)   - 121.163.155.250종료하셧습니다. 
[2014-11-02 00:16:01] [INFO ] Server.java, Server$UserThread.run(Server.java:195)   - 현재 클라이언트 수: 0 
[2014-11-02 00:22:16] [INFO ] Server.java, Server.startServer(Server.java:38)       - 클라이언트와 연결되었습니다. 
[2014-11-02 00:22:16] [INFO ] Server.java, Server.startServer(Server.java:45)       - 218.48.74.118 님이 접속하셧습니다. 
[2014-11-02 00:22:16] [INFO ] Server.java, Server.startServer(Server.java:46)       - 현재 접속자 수: 1 
[2014-11-02 00:22:16] [INFO ] Server.java, Server$UserThread.run(Server.java:86)    - 0	temp	qwer 
[2014-11-02 00:22:29] [FATAL] Server.java, Server$UserThread.run(Server.java:173)   - 클라이언트 연결 실패 
[2014-11-02 00:22:29] [INFO ] Server.java, Server$UserThread.run(Server.java:194)   - 218.48.74.118종료하셧습니다. 
[2014-11-02 00:22:29] [INFO ] Server.java, Server$UserThread.run(Server.java:195)   - 현재 클라이언트 수: 0 
[2014-11-02 00:26:10] [INFO ] Server.java, Server.startServer(Server.java:38)       - 클라이언트와 연결되었습니다. 
[2014-11-02 00:26:10] [INFO ] Server.java, Server.startServer(Server.java:45)       - 218.48.74.118 님이 접속하셧습니다. 
[2014-11-02 00:26:10] [INFO ] Server.java, Server.startServer(Server.java:46)       - 현재 접속자 수: 1 
[2014-11-02 00:26:10] [INFO ] Server.java, Server$UserThread.run(Server.java:86)    - 0	테스트	321 
[2014-11-02 00:26:16] [INFO ] Server.java, Server$UserThread.run(Server.java:86)    - 3	테스트	너너	러어	 0	26 
[2014-11-02 00:26:16] [INFO ] Server.java, Server$UserThread.run(Server.java:86)    - 7	테스트 
[2014-11-02 00:26:19] [INFO ] Server.java, Server$UserThread.run(Server.java:86)    - 7	테스트 
[2014-11-02 00:26:20] [INFO ] Server.java, Server$UserThread.run(Server.java:86)    - 7	테스트 
[2014-11-02 00:26:20] [INFO ] Server.java, Server$UserThread.run(Server.java:86)    - 7	테스트 
[2014-11-02 00:26:21] [INFO ] Server.java, Server$UserThread.run(Server.java:86)    - 6	테스트	테스트 
[2014-11-02 00:26:22] [INFO ] Server.java, Server$UserThread.run(Server.java:86)    - 4 
[2014-11-02 00:26:23] [INFO ] Server.java, Server$UserThread.run(Server.java:86)    - 4 
[2014-11-02 00:26:23] [INFO ] Server.java, Server$UserThread.run(Server.java:86)    - 4 
[2014-11-02 00:26:24] [INFO ] Server.java, Server$UserThread.run(Server.java:86)    - 4 
[2014-11-02 00:26:24] [INFO ] Server.java, Server$UserThread.run(Server.java:86)    - 4 
[2014-11-02 00:26:24] [INFO ] Server.java, Server$UserThread.run(Server.java:86)    - 4 
[2014-11-02 00:26:26] [INFO ] Server.java, Server$UserThread.run(Server.java:86)    - 9 
[2014-11-02 00:26:26] [FATAL] Server.java, Server$UserThread.run(Server.java:173)   - 클라이언트 연결 실패 
[2014-11-02 00:26:26] [INFO ] Server.java, Server$UserThread.run(Server.java:194)   - 218.48.74.118종료하셧습니다. 
[2014-11-02 00:26:26] [INFO ] Server.java, Server$UserThread.run(Server.java:195)   - 현재 클라이언트 수: 0 
[2014-11-02 00:43:59] [INFO ] Server.java, Server.startServer(Server.java:38)       - 클라이언트와 연결되었습니다. 
[2014-11-02 00:43:59] [INFO ] Server.java, Server.startServer(Server.java:45)       - 218.48.74.118 님이 접속하셧습니다. 
[2014-11-02 00:43:59] [INFO ] Server.java, Server.startServer(Server.java:46)       - 현재 접속자 수: 1 
[2014-11-02 00:44:00] [INFO ] Server.java, Server$UserThread.run(Server.java:86)    - 0	테스트	321 
[2014-11-02 00:44:00] [INFO ] Server.java, Server.startServer(Server.java:38)       - 클라이언트와 연결되었습니다. 
[2014-11-02 00:44:00] [INFO ] Server.java, Server.startServer(Server.java:45)       - 218.48.74.118 님이 접속하셧습니다. 
[2014-11-02 00:44:00] [INFO ] Server.java, Server.startServer(Server.java:46)       - 현재 접속자 수: 2 
[2014-11-02 00:44:00] [INFO ] Server.java, Server$UserThread.run(Server.java:86)    - 0	테스트	321 
[2014-11-02 00:44:00] [INFO ] Server.java, Server$UserThread.run(Server.java:86)    - 4 
[2014-11-02 00:44:02] [INFO ] Server.java, Server$UserThread.run(Server.java:86)    - 4 
[2014-11-02 00:44:02] [INFO ] Server.java, Server$UserThread.run(Server.java:86)    - 4 
[2014-11-02 00:44:02] [INFO ] Server.java, Server$UserThread.run(Server.java:86)    - 4 
[2014-11-02 00:44:07] [INFO ] Server.java, Server$UserThread.run(Server.java:86)    - 9 
[2014-11-02 00:44:07] [FATAL] Server.java, Server$UserThread.run(Server.java:173)   - 클라이언트 연결 실패 
[2014-11-02 00:44:07] [INFO ] Server.java, Server$UserThread.run(Server.java:194)   - 218.48.74.118종료하셧습니다. 
[2014-11-02 00:44:07] [INFO ] Server.java, Server$UserThread.run(Server.java:195)   - 현재 클라이언트 수: 1 
[2014-11-02 00:44:11] [INFO ] Server.java, Server$UserThread.run(Server.java:86)    - 9 
[2014-11-02 00:44:11] [FATAL] Server.java, Server$UserThread.run(Server.java:173)   - 클라이언트 연결 실패 
[2014-11-02 00:44:11] [INFO ] Server.java, Server$UserThread.run(Server.java:194)   - 218.48.74.118종료하셧습니다. 
[2014-11-02 00:44:11] [INFO ] Server.java, Server$UserThread.run(Server.java:195)   - 현재 클라이언트 수: 0 
[2014-11-02 13:40:42] [INFO ] Server.java, Server.startServer(Server.java:38)       - 클라이언트와 연결되었습니다. 
[2014-11-02 13:40:42] [INFO ] Server.java, Server.startServer(Server.java:45)       - 223.62.163.12 님이 접속하셧습니다. 
[2014-11-02 13:40:42] [INFO ] Server.java, Server.startServer(Server.java:46)       - 현재 접속자 수: 1 
[2014-11-02 13:40:42] [INFO ] Server.java, Server$UserThread.run(Server.java:86)    - 0	테스트	321 
[2014-11-02 13:40:48] [INFO ] Server.java, Server$UserThread.run(Server.java:86)    - 4 
[2014-11-02 13:41:36] [INFO ] Server.java, Server.startServer(Server.java:38)       - 클라이언트와 연결되었습니다. 
[2014-11-02 13:41:36] [INFO ] Server.java, Server.startServer(Server.java:45)       - 121.138.173.159 님이 접속하셧습니다. 
[2014-11-02 13:41:36] [INFO ] Server.java, Server.startServer(Server.java:46)       - 현재 접속자 수: 2 
[2014-11-02 13:41:36] [INFO ] Server.java, Server$UserThread.run(Server.java:86)    - 0	rwe	111 
[2014-11-02 13:42:02] [INFO ] Server.java, Server$UserThread.run(Server.java:86)    - 3	rwe	선릉역갑니다	금곡	 8	30 
[2014-11-02 13:42:02] [INFO ] Server.java, Server$UserThread.run(Server.java:86)    - 7	rwe 
[2014-11-02 13:42:13] [INFO ] Server.java, Server$UserThread.run(Server.java:86)    - 4 
[2014-11-02 13:42:23] [INFO ] Server.java, Server$UserThread.run(Server.java:86)    - 5	rwe	테스트 
[2014-11-02 13:42:23] [INFO ] Server.java, Server$UserThread.run(Server.java:86)    - 7	테스트 
[2014-11-02 13:42:26] [INFO ] Server.java, Server$UserThread.run(Server.java:86)    - 7	테스트 
[2014-11-02 13:42:27] [INFO ] Server.java, Server$UserThread.run(Server.java:86)    - 7	테스트 
[2014-11-02 13:42:27] [INFO ] Server.java, Server$UserThread.run(Server.java:86)    - 7	테스트 
[2014-11-02 13:42:38] [INFO ] Server.java, Server$UserThread.run(Server.java:86)    - 6	rwe	테스트 
[2014-11-02 13:42:39] [INFO ] Server.java, Server$UserThread.run(Server.java:86)    - 4 
[2014-11-02 13:42:44] [INFO ] Server.java, Server$UserThread.run(Server.java:86)    - 4 
[2014-11-02 13:42:54] [INFO ] Server.java, Server$UserThread.run(Server.java:86)    - 6	rwe	rwe 
[2014-11-02 13:42:56] [INFO ] Server.java, Server$UserThread.run(Server.java:86)    - 4 
[2014-11-02 13:43:06] [FATAL] Server.java, Server$UserThread.run(Server.java:173)   - 클라이언트 연결 실패 
[2014-11-02 13:43:06] [INFO ] Server.java, Server$UserThread.run(Server.java:194)   - 223.62.163.12종료하셧습니다. 
[2014-11-02 13:43:06] [INFO ] Server.java, Server$UserThread.run(Server.java:195)   - 현재 클라이언트 수: 1 
[2014-11-02 13:43:26] [INFO ] Server.java, Server.startServer(Server.java:38)       - 클라이언트와 연결되었습니다. 
[2014-11-02 13:43:26] [INFO ] Server.java, Server.startServer(Server.java:45)       - 223.62.163.12 님이 접속하셧습니다. 
[2014-11-02 13:43:26] [INFO ] Server.java, Server.startServer(Server.java:46)       - 현재 접속자 수: 2 
[2014-11-02 13:43:26] [INFO ] Server.java, Server$UserThread.run(Server.java:86)    - 0	테스트	321 
[2014-11-02 13:43:27] [INFO ] Server.java, Server.startServer(Server.java:38)       - 클라이언트와 연결되었습니다. 
[2014-11-02 13:43:27] [INFO ] Server.java, Server.startServer(Server.java:45)       - 121.138.173.159 님이 접속하셧습니다. 
[2014-11-02 13:43:27] [INFO ] Server.java, Server.startServer(Server.java:46)       - 현재 접속자 수: 3 
[2014-11-02 13:43:27] [INFO ] Server.java, Server$UserThread.run(Server.java:86)    - 0	rwe	111 
[2014-11-02 13:43:28] [INFO ] Server.java, Server$UserThread.run(Server.java:86)    - 4 
[2014-11-02 13:43:30] [INFO ] Server.java, Server$UserThread.run(Server.java:86)    - 4 
[2014-11-02 13:44:03] [FATAL] Server.java, Server$UserThread.run(Server.java:173)   - 클라이언트 연결 실패 
[2014-11-02 13:44:03] [INFO ] Server.java, Server$UserThread.run(Server.java:194)   - 223.62.163.12종료하셧습니다. 
[2014-11-02 13:44:03] [INFO ] Server.java, Server$UserThread.run(Server.java:195)   - 현재 클라이언트 수: 2 
[2014-11-02 13:44:26] [INFO ] Server.java, Server.startServer(Server.java:38)       - 클라이언트와 연결되었습니다. 
[2014-11-02 13:44:26] [INFO ] Server.java, Server.startServer(Server.java:45)       - 121.138.173.159 님이 접속하셧습니다. 
[2014-11-02 13:44:26] [INFO ] Server.java, Server.startServer(Server.java:46)       - 현재 접속자 수: 3 
[2014-11-02 13:44:26] [INFO ] Server.java, Server$UserThread.run(Server.java:86)    - 0	rwe	111 
[2014-11-02 13:44:49] [INFO ] Server.java, Server.startServer(Server.java:38)       - 클라이언트와 연결되었습니다. 
[2014-11-02 13:44:49] [INFO ] Server.java, Server.startServer(Server.java:45)       - 223.62.163.12 님이 접속하셧습니다. 
[2014-11-02 13:44:49] [INFO ] Server.java, Server.startServer(Server.java:46)       - 현재 접속자 수: 4 
[2014-11-02 13:44:49] [INFO ] Server.java, Server$UserThread.run(Server.java:86)    - 0	temp	qwer 
[2014-11-02 13:45:00] [INFO ] Server.java, Server$UserThread.run(Server.java:86)    - 3	temp	선릉역	한티역	17	44 
[2014-11-02 13:45:00] [INFO ] Server.java, Server$UserThread.run(Server.java:86)    - 7	temp 
[2014-11-02 13:45:02] [INFO ] Server.java, Server$UserThread.run(Server.java:86)    - 4 
[2014-11-02 13:45:20] [INFO ] Server.java, Server$UserThread.run(Server.java:86)    - 5	temp	rwe 
[2014-11-02 13:45:20] [INFO ] Server.java, Server$UserThread.run(Server.java:86)    - 7	rwe 
[2014-11-02 13:45:22] [INFO ] Server.java, Server$UserThread.run(Server.java:86)    - 7	temp 
[2014-11-02 13:45:34] [FATAL] Server.java, Server$UserThread.run(Server.java:173)   - 클라이언트 연결 실패 
[2014-11-02 13:45:34] [INFO ] Server.java, Server$UserThread.run(Server.java:194)   - 223.62.163.12종료하셧습니다. 
[2014-11-02 13:45:34] [INFO ] Server.java, Server$UserThread.run(Server.java:195)   - 현재 클라이언트 수: 3 
[2014-11-02 13:45:52] [INFO ] Server.java, Server.startServer(Server.java:38)       - 클라이언트와 연결되었습니다. 
[2014-11-02 13:45:52] [INFO ] Server.java, Server.startServer(Server.java:45)       - 223.62.163.12 님이 접속하셧습니다. 
[2014-11-02 13:45:52] [INFO ] Server.java, Server.startServer(Server.java:46)       - 현재 접속자 수: 4 
[2014-11-02 13:45:52] [INFO ] Server.java, Server$UserThread.run(Server.java:86)    - 0	temp	qwer 
[2014-11-02 13:45:52] [INFO ] Server.java, Server$UserThread.run(Server.java:86)    - 7	temp 
[2014-11-02 13:46:00] [INFO ] Server.java, Server$UserThread.run(Server.java:86)    - 6	temp	temp 
[2014-11-02 13:46:15] [INFO ] Server.java, Server$UserThread.run(Server.java:86)    - 7	rwe 
[2014-11-02 13:46:17] [FATAL] Server.java, Server$UserThread.run(Server.java:173)   - 클라이언트 연결 실패 
[2014-11-02 13:46:17] [INFO ] Server.java, Server$UserThread.run(Server.java:194)   - 121.138.173.159종료하셧습니다. 
[2014-11-02 13:46:17] [INFO ] Server.java, Server$UserThread.run(Server.java:195)   - 현재 클라이언트 수: 3 
[2014-11-02 13:46:17] [FATAL] Server.java, Server$UserThread.run(Server.java:173)   - 클라이언트 연결 실패 
[2014-11-02 13:46:17] [FATAL] Server.java, Server$UserThread.run(Server.java:173)   - 클라이언트 연결 실패 
[2014-11-02 13:46:17] [INFO ] Server.java, Server$UserThread.run(Server.java:194)   - 121.138.173.159종료하셧습니다. 
[2014-11-02 13:46:17] [INFO ] Server.java, Server$UserThread.run(Server.java:195)   - 현재 클라이언트 수: 1 
[2014-11-02 13:46:17] [INFO ] Server.java, Server$UserThread.run(Server.java:194)   - 121.138.173.159종료하셧습니다. 
[2014-11-02 13:46:17] [INFO ] Server.java, Server$UserThread.run(Server.java:195)   - 현재 클라이언트 수: 1 
[2014-11-02 13:46:38] [INFO ] Server.java, Server$UserThread.run(Server.java:86)    - 4 
[2014-11-02 14:21:50] [INFO ] Server.java, Server$UserThread.run(Server.java:86)    - 9 
[2014-11-02 14:21:50] [FATAL] Server.java, Server$UserThread.run(Server.java:173)   - 클라이언트 연결 실패 
[2014-11-02 14:21:50] [INFO ] Server.java, Server$UserThread.run(Server.java:194)   - 223.62.163.12종료하셧습니다. 
[2014-11-02 14:21:50] [INFO ] Server.java, Server$UserThread.run(Server.java:195)   - 현재 클라이언트 수: 0 
[2014-11-02 14:49:10] [INFO ] Server.java, Server.startServer(Server.java:38)       - 클라이언트와 연결되었습니다. 
[2014-11-02 14:49:10] [INFO ] Server.java, Server.startServer(Server.java:45)       - 223.62.163.12 님이 접속하셧습니다. 
[2014-11-02 14:49:10] [INFO ] Server.java, Server.startServer(Server.java:46)       - 현재 접속자 수: 1 
[2014-11-02 14:49:10] [INFO ] Server.java, Server$UserThread.run(Server.java:86)    - 0	테스트	321 
[2014-11-02 14:49:11] [INFO ] Server.java, Server$UserThread.run(Server.java:86)    - 4 
[2014-11-02 14:49:11] [INFO ] Server.java, Server$UserThread.run(Server.java:86)    - 4 
[2014-11-02 14:49:12] [INFO ] Server.java, Server$UserThread.run(Server.java:86)    - 4 
[2014-11-02 14:49:12] [INFO ] Server.java, Server$UserThread.run(Server.java:86)    - 4 
[2014-11-02 14:49:12] [INFO ] Server.java, Server$UserThread.run(Server.java:86)    - 4 
[2014-11-02 14:49:12] [INFO ] Server.java, Server$UserThread.run(Server.java:86)    - 4 
[2014-11-02 14:49:27] [INFO ] Server.java, Server$UserThread.run(Server.java:86)    - 3	테스트	특혜	어저께	14	49 
[2014-11-02 14:49:28] [INFO ] Server.java, Server$UserThread.run(Server.java:86)    - 7	테스트 
[2014-11-02 14:49:34] [INFO ] Server.java, Server$UserThread.run(Server.java:86)    - 7	테스트 
[2014-11-02 14:49:34] [INFO ] Server.java, Server$UserThread.run(Server.java:86)    - 7	테스트 
[2014-11-02 14:49:34] [INFO ] Server.java, Server$UserThread.run(Server.java:86)    - 7	테스트 
[2014-11-02 14:49:35] [INFO ] Server.java, Server$UserThread.run(Server.java:86)    - 7	테스트 
[2014-11-02 14:49:35] [INFO ] Server.java, Server$UserThread.run(Server.java:86)    - 7	테스트 
[2014-11-02 14:49:35] [INFO ] Server.java, Server$UserThread.run(Server.java:86)    - 7	테스트 
[2014-11-02 14:49:35] [INFO ] Server.java, Server$UserThread.run(Server.java:86)    - 6	테스트	테스트 
[2014-11-02 14:49:36] [INFO ] Server.java, Server$UserThread.run(Server.java:86)    - 4 
[2014-11-02 14:49:38] [INFO ] Server.java, Server$UserThread.run(Server.java:86)    - 9 
[2014-11-02 14:49:38] [FATAL] Server.java, Server$UserThread.run(Server.java:173)   - 클라이언트 연결 실패 
[2014-11-02 14:49:38] [INFO ] Server.java, Server$UserThread.run(Server.java:194)   - 223.62.163.12종료하셧습니다. 
[2014-11-02 14:49:38] [INFO ] Server.java, Server$UserThread.run(Server.java:195)   - 현재 클라이언트 수: 0 
